#
# There is insufficient memory for the Java Runtime Environment to continue.
# Native memory allocation (mmap) failed to map 173539328 bytes for committing reserved memory.
# Possible reasons:
#   The system is out of physical RAM or swap space
#   The process is running with CompressedOops enabled, and the Java Heap may be blocking the growth of the native heap
# Possible solutions:
#   Reduce memory load on the system
#   Increase physical memory or swap space
#   Check if swap backing store is full
#   Decrease Java heap size (-Xmx/-Xms)
#   Decrease number of Java threads
#   Decrease Java thread stack sizes (-Xss)
#   Set larger code cache with -XX:ReservedCodeCacheSize=
# This output file may be truncated or incomplete.
#
#  Out of Memory Error (os_linux.cpp:2756), pid=26095, tid=0x00007f70c2947700
#
# JRE version:  (8.0_212-b03) (build )
# Java VM: OpenJDK 64-Bit Server VM (25.212-b03 mixed mode linux-amd64 compressed oops)
# Failed to write core dump. Core dumps have been disabled. To enable core dumping, try "ulimit -c unlimited" before starting Java again
#

---------------  T H R E A D  ---------------

Current thread (0x00007f70bc00b000):  JavaThread "Unknown thread" [_thread_in_vm, id=26098, stack(0x00007f70c2848000,0x00007f70c2948000)]

Stack: [0x00007f70c2848000,0x00007f70c2948000],  sp=0x00007f70c29465d0,  free space=1017k
Native frames: (J=compiled Java code, j=interpreted, Vv=VM code, C=native code)
V  [libjvm.so+0xab46a2]
V  [libjvm.so+0x4db6b7]
V  [libjvm.so+0x8ef7b0]
V  [libjvm.so+0x8e68ce]
V  [libjvm.so+0x96a406]
V  [libjvm.so+0x95a71c]
V  [libjvm.so+0x2b418e]
V  [libjvm.so+0x917371]
V  [libjvm.so+0xa76baa]
V  [libjvm.so+0xa76ea5]
V  [libjvm.so+0x6283df]
V  [libjvm.so+0xa5a8e3]
V  [libjvm.so+0x6aa8c1]  JNI_CreateJavaVM+0x61
C  [libjli.so+0x2c64]
C  [libjli.so+0x761d]
C  [libpthread.so.0+0x76db]  start_thread+0xdb


---------------  P R O C E S S  ---------------

Java Threads: ( => current thread )

Other Threads:

=>0x00007f70bc00b000 (exited) JavaThread "Unknown thread" [_thread_in_vm, id=26098, stack(0x00007f70c2848000,0x00007f70c2948000)]

VM state:not at safepoint (not fully initialized)

VM Mutex/Monitor currently owned by a thread: None

heap address: 0x00000006c9200000, size: 3950 MB, Compressed Oops mode: Non-zero based:0x00000006c91ff000, Oop shift amount: 3
Narrow klass base: 0x0000000000000000, Narrow klass shift: 0

GC Heap History (0 events):
No events

Deoptimization events (0 events):
No events

Classes redefined (0 events):
No events

Internal exceptions (0 events):
No events

Events (0 events):
No events


Dynamic libraries:
6d3780000-76db80000 ---p 00000000 00:00 0 
76db80000-772e00000 rw-p 00000000 00:00 0 
772e00000-7c0000000 ---p 00000000 00:00 0 
558025ae6000-558025ae7000 r-xp 00000000 103:06 8913127                   /usr/lib/jvm/java-8-openjdk-amd64/jre/bin/java
558025ce6000-558025ce7000 r--p 00000000 103:06 8913127                   /usr/lib/jvm/java-8-openjdk-amd64/jre/bin/java
558025ce7000-558025ce8000 rw-p 00001000 103:06 8913127                   /usr/lib/jvm/java-8-openjdk-amd64/jre/bin/java
558027326000-558027347000 rw-p 00000000 00:00 0                          [heap]
7f70ab5fd000-7f70abb21000 ---p 00000000 00:00 0 
7f70abb21000-7f70abb4b000 rw-p 00000000 00:00 0 
7f70abb4b000-7f70abdb4000 ---p 00000000 00:00 0 
7f70abdb4000-7f70abdbf000 rw-p 00000000 00:00 0 
7f70abdbf000-7f70ac175000 ---p 00000000 00:00 0 
7f70ac175000-7f70ac3e5000 rwxp 00000000 00:00 0 
7f70ac3e5000-7f70bb175000 ---p 00000000 00:00 0 
7f70bb175000-7f70bb17d000 r-xp 00000000 103:06 8913170                   /usr/lib/jvm/java-8-openjdk-amd64/jre/lib/amd64/libzip.so
7f70bb17d000-7f70bb37c000 ---p 00008000 103:06 8913170                   /usr/lib/jvm/java-8-openjdk-amd64/jre/lib/amd64/libzip.so
7f70bb37c000-7f70bb37d000 r--p 00007000 103:06 8913170                   /usr/lib/jvm/java-8-openjdk-amd64/jre/lib/amd64/libzip.so
7f70bb37d000-7f70bb37e000 rw-p 00008000 103:06 8913170                   /usr/lib/jvm/java-8-openjdk-amd64/jre/lib/amd64/libzip.so
7f70bb37e000-7f70bb389000 r-xp 00000000 103:06 22418077                  /lib/x86_64-linux-gnu/libnss_files-2.27.so
7f70bb389000-7f70bb588000 ---p 0000b000 103:06 22418077                  /lib/x86_64-linux-gnu/libnss_files-2.27.so
7f70bb588000-7f70bb589000 r--p 0000a000 103:06 22418077                  /lib/x86_64-linux-gnu/libnss_files-2.27.so
7f70bb589000-7f70bb58a000 rw-p 0000b000 103:06 22418077                  /lib/x86_64-linux-gnu/libnss_files-2.27.so
7f70bb58a000-7f70bb590000 rw-p 00000000 00:00 0 
7f70bb590000-7f70bb5a7000 r-xp 00000000 103:06 22418071                  /lib/x86_64-linux-gnu/libnsl-2.27.so
7f70bb5a7000-7f70bb7a6000 ---p 00017000 103:06 22418071                  /lib/x86_64-linux-gnu/libnsl-2.27.so
7f70bb7a6000-7f70bb7a7000 r--p 00016000 103:06 22418071                  /lib/x86_64-linux-gnu/libnsl-2.27.so
7f70bb7a7000-7f70bb7a8000 rw-p 00017000 103:06 22418071                  /lib/x86_64-linux-gnu/libnsl-2.27.so
7f70bb7a8000-7f70bb7aa000 rw-p 00000000 00:00 0 
7f70bb7aa000-7f70bb7b5000 r-xp 00000000 103:06 22418088                  /lib/x86_64-linux-gnu/libnss_nis-2.27.so
7f70bb7b5000-7f70bb9b4000 ---p 0000b000 103:06 22418088                  /lib/x86_64-linux-gnu/libnss_nis-2.27.so
7f70bb9b4000-7f70bb9b5000 r--p 0000a000 103:06 22418088                  /lib/x86_64-linux-gnu/libnss_nis-2.27.so
7f70bb9b5000-7f70bb9b6000 rw-p 0000b000 103:06 22418088                  /lib/x86_64-linux-gnu/libnss_nis-2.27.so
7f70bb9b6000-7f70bb9be000 r-xp 00000000 103:06 22418073                  /lib/x86_64-linux-gnu/libnss_compat-2.27.so
7f70bb9be000-7f70bbbbe000 ---p 00008000 103:06 22418073                  /lib/x86_64-linux-gnu/libnss_compat-2.27.so
7f70bbbbe000-7f70bbbbf000 r--p 00008000 103:06 22418073                  /lib/x86_64-linux-gnu/libnss_compat-2.27.so
7f70bbbbf000-7f70bbbc0000 rw-p 00009000 103:06 22418073                  /lib/x86_64-linux-gnu/libnss_compat-2.27.so
7f70bbbc0000-7f70bbbec000 r-xp 00000000 103:06 8913151                   /usr/lib/jvm/java-8-openjdk-amd64/jre/lib/amd64/libjava.so
7f70bbbec000-7f70bbdeb000 ---p 0002c000 103:06 8913151                   /usr/lib/jvm/java-8-openjdk-amd64/jre/lib/amd64/libjava.so
7f70bbdeb000-7f70bbdec000 r--p 0002b000 103:06 8913151                   /usr/lib/jvm/java-8-openjdk-amd64/jre/lib/amd64/libjava.so
7f70bbdec000-7f70bbdee000 rw-p 0002c000 103:06 8913151                   /usr/lib/jvm/java-8-openjdk-amd64/jre/lib/amd64/libjava.so
7f70bbdee000-7f70bbdfe000 r-xp 00000000 103:06 8913169                   /usr/lib/jvm/java-8-openjdk-amd64/jre/lib/amd64/libverify.so
7f70bbdfe000-7f70bbffd000 ---p 00010000 103:06 8913169                   /usr/lib/jvm/java-8-openjdk-amd64/jre/lib/amd64/libverify.so
7f70bbffd000-7f70bbfff000 r--p 0000f000 103:06 8913169                   /usr/lib/jvm/java-8-openjdk-amd64/jre/lib/amd64/libverify.so
7f70bbfff000-7f70bc000000 rw-p 00011000 103:06 8913169                   /usr/lib/jvm/java-8-openjdk-amd64/jre/lib/amd64/libverify.so
7f70bc000000-7f70bc033000 rw-p 00000000 00:00 0 
7f70bc033000-7f70c0000000 ---p 00000000 00:00 0 
7f70c0030000-7f70c0037000 r-xp 00000000 103:06 22418128                  /lib/x86_64-linux-gnu/librt-2.27.so
7f70c0037000-7f70c0236000 ---p 00007000 103:06 22418128                  /lib/x86_64-linux-gnu/librt-2.27.so
7f70c0236000-7f70c0237000 r--p 00006000 103:06 22418128                  /lib/x86_64-linux-gnu/librt-2.27.so
7f70c0237000-7f70c0238000 rw-p 00007000 103:06 22418128                  /lib/x86_64-linux-gnu/librt-2.27.so
7f70c0238000-7f70c024f000 r-xp 00000000 103:06 22419634                  /lib/x86_64-linux-gnu/libgcc_s.so.1
7f70c024f000-7f70c044e000 ---p 00017000 103:06 22419634                  /lib/x86_64-linux-gnu/libgcc_s.so.1
7f70c044e000-7f70c044f000 r--p 00016000 103:06 22419634                  /lib/x86_64-linux-gnu/libgcc_s.so.1
7f70c044f000-7f70c0450000 rw-p 00017000 103:06 22419634                  /lib/x86_64-linux-gnu/libgcc_s.so.1
7f70c0450000-7f70c05ed000 r-xp 00000000 103:06 22418050                  /lib/x86_64-linux-gnu/libm-2.27.so
7f70c05ed000-7f70c07ec000 ---p 0019d000 103:06 22418050                  /lib/x86_64-linux-gnu/libm-2.27.so
7f70c07ec000-7f70c07ed000 r--p 0019c000 103:06 22418050                  /lib/x86_64-linux-gnu/libm-2.27.so
7f70c07ed000-7f70c07ee000 rw-p 0019d000 103:06 22418050                  /lib/x86_64-linux-gnu/libm-2.27.so
7f70c07ee000-7f70c0967000 r-xp 00000000 103:06 7733429                   /usr/lib/x86_64-linux-gnu/libstdc++.so.6.0.25
7f70c0967000-7f70c0b67000 ---p 00179000 103:06 7733429                   /usr/lib/x86_64-linux-gnu/libstdc++.so.6.0.25
7f70c0b67000-7f70c0b71000 r--p 00179000 103:06 7733429                   /usr/lib/x86_64-linux-gnu/libstdc++.so.6.0.25
7f70c0b71000-7f70c0b73000 rw-p 00183000 103:06 7733429                   /usr/lib/x86_64-linux-gnu/libstdc++.so.6.0.25
7f70c0b73000-7f70c0b77000 rw-p 00000000 00:00 0 
7f70c0b77000-7f70c1814000 r-xp 00000000 103:06 8913172                   /usr/lib/jvm/java-8-openjdk-amd64/jre/lib/amd64/server/libjvm.so
7f70c1814000-7f70c1a13000 ---p 00c9d000 103:06 8913172                   /usr/lib/jvm/java-8-openjdk-amd64/jre/lib/amd64/server/libjvm.so
7f70c1a13000-7f70c1aa7000 r--p 00c9c000 103:06 8913172                   /usr/lib/jvm/java-8-openjdk-amd64/jre/lib/amd64/server/libjvm.so
7f70c1aa7000-7f70c1ad0000 rw-p 00d30000 103:06 8913172                   /usr/lib/jvm/java-8-openjdk-amd64/jre/lib/amd64/server/libjvm.so
7f70c1ad0000-7f70c1b00000 rw-p 00000000 00:00 0 
7f70c1b00000-7f70c1b1a000 r-xp 00000000 103:06 22418120                  /lib/x86_64-linux-gnu/libpthread-2.27.so
7f70c1b1a000-7f70c1d19000 ---p 0001a000 103:06 22418120                  /lib/x86_64-linux-gnu/libpthread-2.27.so
7f70c1d19000-7f70c1d1a000 r--p 00019000 103:06 22418120                  /lib/x86_64-linux-gnu/libpthread-2.27.so
7f70c1d1a000-7f70c1d1b000 rw-p 0001a000 103:06 22418120                  /lib/x86_64-linux-gnu/libpthread-2.27.so
7f70c1d1b000-7f70c1d1f000 rw-p 00000000 00:00 0 
7f70c1d1f000-7f70c1d22000 r-xp 00000000 103:06 22418010                  /lib/x86_64-linux-gnu/libdl-2.27.so
7f70c1d22000-7f70c1f21000 ---p 00003000 103:06 22418010                  /lib/x86_64-linux-gnu/libdl-2.27.so
7f70c1f21000-7f70c1f22000 r--p 00002000 103:06 22418010                  /lib/x86_64-linux-gnu/libdl-2.27.so
7f70c1f22000-7f70c1f23000 rw-p 00003000 103:06 22418010                  /lib/x86_64-linux-gnu/libdl-2.27.so
7f70c1f23000-7f70c1f3f000 r-xp 00000000 103:06 22418159                  /lib/x86_64-linux-gnu/libz.so.1.2.11
7f70c1f3f000-7f70c213e000 ---p 0001c000 103:06 22418159                  /lib/x86_64-linux-gnu/libz.so.1.2.11
7f70c213e000-7f70c213f000 r--p 0001b000 103:06 22418159                  /lib/x86_64-linux-gnu/libz.so.1.2.11
7f70c213f000-7f70c2140000 rw-p 0001c000 103:06 22418159                  /lib/x86_64-linux-gnu/libz.so.1.2.11
7f70c2140000-7f70c2327000 r-xp 00000000 103:06 22417987                  /lib/x86_64-linux-gnu/libc-2.27.so
7f70c2327000-7f70c2527000 ---p 001e7000 103:06 22417987                  /lib/x86_64-linux-gnu/libc-2.27.so
7f70c2527000-7f70c252b000 r--p 001e7000 103:06 22417987                  /lib/x86_64-linux-gnu/libc-2.27.so
7f70c252b000-7f70c252d000 rw-p 001eb000 103:06 22417987                  /lib/x86_64-linux-gnu/libc-2.27.so
7f70c252d000-7f70c2531000 rw-p 00000000 00:00 0 
7f70c2531000-7f70c253f000 r-xp 00000000 103:06 8913137                   /usr/lib/jvm/java-8-openjdk-amd64/jre/lib/amd64/jli/libjli.so
7f70c253f000-7f70c273e000 ---p 0000e000 103:06 8913137                   /usr/lib/jvm/java-8-openjdk-amd64/jre/lib/amd64/jli/libjli.so
7f70c273e000-7f70c273f000 r--p 0000d000 103:06 8913137                   /usr/lib/jvm/java-8-openjdk-amd64/jre/lib/amd64/jli/libjli.so
7f70c273f000-7f70c2740000 rw-p 0000e000 103:06 8913137                   /usr/lib/jvm/java-8-openjdk-amd64/jre/lib/amd64/jli/libjli.so
7f70c2740000-7f70c2767000 r-xp 00000000 103:06 22417959                  /lib/x86_64-linux-gnu/ld-2.27.so
7f70c2847000-7f70c2848000 ---p 00000000 00:00 0 
7f70c2848000-7f70c284b000 ---p 00000000 00:00 0 
7f70c284b000-7f70c294a000 rw-p 00000000 00:00 0 
7f70c295b000-7f70c2963000 rw-s 00000000 103:06 5505218                   /tmp/hsperfdata_fchiyenda/26095
7f70c2963000-7f70c2964000 rw-p 00000000 00:00 0 
7f70c2964000-7f70c2965000 r--p 00000000 00:00 0 
7f70c2965000-7f70c2967000 rw-p 00000000 00:00 0 
7f70c2967000-7f70c2968000 r--p 00027000 103:06 22417959                  /lib/x86_64-linux-gnu/ld-2.27.so
7f70c2968000-7f70c2969000 rw-p 00028000 103:06 22417959                  /lib/x86_64-linux-gnu/ld-2.27.so
7f70c2969000-7f70c296a000 rw-p 00000000 00:00 0 
7ffc33ca8000-7ffc33cc9000 rw-p 00000000 00:00 0                          [stack]
7ffc33dca000-7ffc33dcd000 r--p 00000000 00:00 0                          [vvar]
7ffc33dcd000-7ffc33dcf000 r-xp 00000000 00:00 0                          [vdso]
ffffffffff600000-ffffffffff601000 r-xp 00000000 00:00 0                  [vsyscall]

VM Arguments:
java_command: org.jetbrains.git4idea.http.GitAskPassApp Username for 'https://github.com': 
java_class_path (initial): /home/fchiyenda/RubyMine-2019.1.2/plugins/git4idea/lib/git4idea-rt.jar:/home/fchiyenda/RubyMine-2019.1.2/lib/xmlrpc-2.0.1.jar:/home/fchiyenda/RubyMine-2019.1.2/lib/commons-codec-1.10.jar:/home/fchiyenda/RubyMine-2019.1.2/lib/util.jar
Launcher Type: SUN_STANDARD

Environment Variables:
PATH=/usr/lib/git-core:/home/fchiyenda/.rvm/gems/ruby-2.5.3/bin:/home/fchiyenda/.rvm/gems/ruby-2.5.3@global/bin:/home/fchiyenda/.rvm/rubies/ruby-2.5.3/bin:/home/fchiyenda/.local/bin:/usr/local/sbin:/usr/local/bin:/usr/sbin:/usr/bin:/sbin:/bin:/usr/games:/usr/local/games:/snap/bin:/home/fchiyenda/.rvm/bin:/home/fchiyenda/.rvm/bin:/home/fchiyenda/.rvm/bin
USERNAME=fchiyenda
SHELL=/bin/bash
DISPLAY=:0

Signal Handlers:
SIGSEGV: [libjvm.so+0xab5000], sa_mask[0]=11111111011111111101111111111110, sa_flags=SA_RESTART|SA_SIGINFO
SIGBUS: [libjvm.so+0xab5000], sa_mask[0]=11111111011111111101111111111110, sa_flags=SA_RESTART|SA_SIGINFO
SIGFPE: [libjvm.so+0x8ea970], sa_mask[0]=11111111011111111101111111111110, sa_flags=SA_RESTART|SA_SIGINFO
SIGPIPE: [libjvm.so+0x8ea970], sa_mask[0]=11111111011111111101111111111110, sa_flags=SA_RESTART|SA_SIGINFO
SIGXFSZ: [libjvm.so+0x8ea970], sa_mask[0]=11111111011111111101111111111110, sa_flags=SA_RESTART|SA_SIGINFO
SIGILL: [libjvm.so+0x8ea970], sa_mask[0]=11111111011111111101111111111110, sa_flags=SA_RESTART|SA_SIGINFO
SIGUSR1: SIG_DFL, sa_mask[0]=00000000000000000000000000000000, sa_flags=none
SIGUSR2: [libjvm.so+0x8ea820], sa_mask[0]=00100000000000000000000000000000, sa_flags=SA_RESTART|SA_SIGINFO
SIGHUP: SIG_DFL, sa_mask[0]=00000000000000000000000000000000, sa_flags=none
SIGINT: SIG_DFL, sa_mask[0]=00000000000000000000000000000000, sa_flags=none
SIGTERM: SIG_DFL, sa_mask[0]=00000000000000000000000000000000, sa_flags=none
SIGQUIT: SIG_DFL, sa_mask[0]=00000000000000000000000000000000, sa_flags=none


---------------  S Y S T E M  ---------------

OS:DISTRIB_ID=Ubuntu
DISTRIB_RELEASE=18.04
DISTRIB_CODENAME=bionic
DISTRIB_DESCRIPTION="Ubuntu 18.04 LTS"

uname:Linux 4.15.0-20-generic #21-Ubuntu SMP Tue Apr 24 06:16:15 UTC 2018 x86_64
libc:glibc 2.27 NPTL 2.27 
rlimit: STACK 8192k, CORE 0k, NPROC 62273, NOFILE 1048576, AS infinity
load average:102.95 43.66 17.53

/proc/meminfo:
MemTotal:       16172068 kB
MemFree:          141272 kB
MemAvailable:      43340 kB
Buffers:            1300 kB
Cached:          5196960 kB
SwapCached:         3724 kB
Active:         13285272 kB
Inactive:        2117948 kB
Active(anon):   13270504 kB
Inactive(anon):  2102400 kB
Active(file):      14768 kB
Inactive(file):    15548 kB
Unevictable:        3876 kB
Mlocked:            3876 kB
SwapTotal:       2097148 kB
SwapFree:              0 kB
Dirty:                64 kB
Writeback:             0 kB
AnonPages:      10206640 kB
Mapped:          3483576 kB
Shmem:           5164132 kB
Slab:             338916 kB
SReclaimable:     122852 kB
SUnreclaim:       216064 kB
KernelStack:       32624 kB
PageTables:       121692 kB
NFS_Unstable:          0 kB
Bounce:                0 kB
WritebackTmp:          0 kB
CommitLimit:    10183180 kB
Committed_AS:   29691588 kB
VmallocTotal:   34359738367 kB
VmallocUsed:           0 kB
VmallocChunk:          0 kB
HardwareCorrupted:     0 kB
AnonHugePages:         0 kB
ShmemHugePages:        0 kB
ShmemPmdMapped:        0 kB
CmaTotal:              0 kB
CmaFree:               0 kB
HugePages_Total:       0
HugePages_Free:        0
HugePages_Rsvd:        0
HugePages_Surp:        0
Hugepagesize:       2048 kB
DirectMap4k:      539708 kB
DirectMap2M:    15982592 kB
DirectMap1G:     1048576 kB

container (cgroup) information:
container_type: cgroupv1
cpu_cpuset_cpus: 0-7
cpu_memory_nodes: 0
active_processor_count: 8
cpu_quota: -1
cpu_period: 100000
cpu_shares: -1
memory_limit_in_bytes: -1
memory_and_swap_limit_in_bytes: -2
memory_soft_limit_in_bytes: -1
memory_usage_in_bytes: 13232873472
memory_max_usage_in_bytes: 13260144640


CPU:total 8 (initial active 8) (4 cores per cpu, 2 threads per core) family 6 model 142 stepping 10, cmov, cx8, fxsr, mmx, sse, sse2, sse3, ssse3, sse4.1, sse4.2, popcnt, avx, avx2, aes, clmul, erms, 3dnowpref, lzcnt, ht, tsc, tscinvbit, bmi1, bmi2, adx

/proc/cpuinfo:
processor	: 0
vendor_id	: GenuineIntel
cpu family	: 6
model		: 142
model name	: Intel(R) Core(TM) i7-8550U CPU @ 1.80GHz
stepping	: 10
microcode	: 0x84
cpu MHz		: 2299.998
cache size	: 8192 KB
physical id	: 0
siblings	: 8
core id		: 0
cpu cores	: 4
apicid		: 0
initial apicid	: 0
fpu		: yes
fpu_exception	: yes
cpuid level	: 22
wp		: yes
flags		: fpu vme de pse tsc msr pae mce cx8 apic sep mtrr pge mca cmov pat pse36 clflush dts acpi mmx fxsr sse sse2 ss ht tm pbe syscall nx pdpe1gb rdtscp lm constant_tsc art arch_perfmon pebs bts rep_good nopl xtopology nonstop_tsc cpuid aperfmperf tsc_known_freq pni pclmulqdq dtes64 monitor ds_cpl vmx est tm2 ssse3 sdbg fma cx16 xtpr pdcm pcid sse4_1 sse4_2 x2apic movbe popcnt tsc_deadline_timer aes xsave avx f16c rdrand lahf_lm abm 3dnowprefetch cpuid_fault epb invpcid_single pti tpr_shadow vnmi flexpriority ept vpid fsgsbase tsc_adjust bmi1 avx2 smep bmi2 erms invpcid mpx rdseed adx smap clflushopt intel_pt xsaveopt xsavec xgetbv1 xsaves ibpb ibrs stibp dtherm ida arat pln pts hwp hwp_notify hwp_act_window hwp_epp
bugs		: cpu_meltdown spectre_v1 spectre_v2
bogomips	: 3984.00
clflush size	: 64
cache_alignment	: 64
address sizes	: 39 bits physical, 48 bits virtual
power management:

processor	: 1
vendor_id	: GenuineIntel
cpu family	: 6
model		: 142
model name	: Intel(R) Core(TM) i7-8550U CPU @ 1.80GHz
stepping	: 10
microcode	: 0x84
cpu MHz		: 2300.000
cache size	: 8192 KB
physical id	: 0
siblings	: 8
core id		: 1
cpu cores	: 32
apicid		: 2
initial apicid	: 2
fpu		: yes
fpu_exception	: yes
cpuid level	: 22
wp		: yes
flags		: fpu vme de pse tsc msr pae mce cx8 apic sep mtrr pge mca cmov pat pse36 clflush dts acpi mmx fxsr sse sse2 ss ht tm pbe syscall nx pdpe1gb rdtscp lm constant_tsc art arch_perfmon pebs bts rep_good nopl xtopology nonstop_tsc cpuid aperfmperf tsc_known_freq pni pclmulqdq dtes64 monitor ds_cpl vmx est tm2 ssse3 sdbg fma cx16 xtpr pdcm pcid sse4_1 sse4_2 x2apic movbe popcnt tsc_deadline_timer aes xsave avx f16c rdrand lahf_lm abm 3dnowprefetch cpuid_fault epb invpcid_single pti tpr_shadow vnmi flexpriority ept vpid fsgsbase tsc_adjust bmi1 avx2 smep bmi2 erms invpcid mpx rdseed adx smap clflushopt intel_pt xsaveopt xsavec xgetbv1 xsaves ibpb ibrs stibp dtherm ida arat pln pts hwp hwp_notify hwp_act_window hwp_epp
bugs		: cpu_meltdown spectre_v1 spectre_v2
bogomips	: 3984.00
clflush size	: 64
cache_alignment	: 64
address sizes	: 39 bits physical, 48 bits virtual
power management:

processor	: 2
vendor_id	: GenuineIntel
cpu family	: 6
model		: 142
model name	: Intel(R) Core(TM) i7-8550U CPU @ 1.80GHz
stepping	: 10
microcode	: 0x84
cpu MHz		: 2300.000
cache size	: 8192 KB
physical id	: 0
siblings	: 8
core id		: 2
cpu cores	: 32
apicid		: 4
initial apicid	: 4
fpu		: yes
fpu_exception	: yes
cpuid level	: 22
wp		: yes
flags		: fpu vme de pse tsc msr pae mce cx8 apic sep mtrr pge mca cmov pat pse36 clflush dts acpi mmx fxsr sse sse2 ss ht tm pbe syscall nx pdpe1gb rdtscp lm constant_tsc art arch_perfmon pebs bts rep_good nopl xtopology nonstop_tsc cpuid aperfmperf tsc_known_freq pni pclmulqdq dtes64 monitor ds_cpl vmx est tm2 ssse3 sdbg fma cx16 xtpr pdcm pcid sse4_1 sse4_2 x2apic movbe popcnt tsc_deadline_timer aes xsave avx f16c rdrand lahf_lm abm 3dnowprefetch cpuid_fault epb invpcid_single pti tpr_shadow vnmi flexpriority ept vpid fsgsbase tsc_adjust bmi1 avx2 smep bmi2 erms invpcid mpx rdseed adx smap clflushopt intel_pt xsaveopt xsavec xgetbv1 xsaves ibpb ibrs stibp dtherm ida arat pln pts hwp hwp_notify hwp_act_window hwp_epp
bugs		: cpu_meltdown spectre_v1 spectre_v2
bogomips	: 3984.00
clflush size	: 64
cache_alignment	: 64
address sizes	: 39 bits physical, 48 bits virtual
power management:

processor	: 3
vendor_id	: GenuineIntel
cpu family	: 6
model		: 142
model name	: Intel(R) Core(TM) i7-8550U CPU @ 1.80GHz
stepping	: 10
microcode	: 0x84
cpu MHz		: 2299.999
cache size	: 8192 KB
physical id	: 0
siblings	: 8
core id		: 3
cpu cores	: 32
apicid		: 6
initial apicid	: 6
fpu		: yes
fpu_exception	: yes
cpuid level	: 22
wp		: yes
flags		: fpu vme de pse tsc msr pae mce cx8 apic sep mtrr pge mca cmov pat pse36 clflush dts acpi mmx fxsr sse sse2 ss ht tm pbe syscall nx pdpe1gb rdtscp lm constant_tsc art arch_perfmon pebs bts rep_good nopl xtopology nonstop_tsc cpuid aperfmperf tsc_known_freq pni pclmulqdq dtes64 monitor ds_cpl vmx est tm2 ssse3 sdbg fma cx16 xtpr pdcm pcid sse4_1 sse4_2 x2apic movbe popcnt tsc_deadline_timer aes xsave avx f16c rdrand lahf_lm abm 3dnowprefetch cpuid_fault epb invpcid_single pti tpr_shadow vnmi flexpriority ept vpid fsgsbase tsc_adjust bmi1 avx2 smep bmi2 erms invpcid mpx rdseed adx smap clflushopt intel_pt xsaveopt xsavec xgetbv1 xsaves ibpb ibrs stibp dtherm ida arat pln pts hwp hwp_notify hwp_act_window hwp_epp
bugs		: cpu_meltdown spectre_v1 spectre_v2
bogomips	: 3984.00
clflush size	: 64
cache_alignment	: 64
address sizes	: 39 bits physical, 48 bits virtual
power management:

processor	: 4
vendor_id	: GenuineIntel
cpu family	: 6
model		: 142
model name	: Intel(R) Core(TM) i7-8550U CPU @ 1.80GHz
stepping	: 10
microcode	: 0x84
cpu MHz		: 2299.999
cache size	: 8192 KB
physical id	: 0
siblings	: 8
core id		: 0
cpu cores	: 4
apicid		: 1
initial apicid	: 1
fpu		: yes
fpu_exception	: yes
cpuid level	: 22
wp		: yes
flags		: fpu vme de pse tsc msr pae mce cx8 apic sep mtrr pge mca cmov pat pse36 clflush dts acpi mmx fxsr sse sse2 ss ht tm pbe syscall nx pdpe1gb rdtscp lm constant_tsc art arch_perfmon pebs bts rep_good nopl xtopology nonstop_tsc cpuid aperfmperf tsc_known_freq pni pclmulqdq dtes64 monitor ds_cpl vmx est tm2 ssse3 sdbg fma cx16 xtpr pdcm pcid sse4_1 sse4_2 x2apic movbe popcnt tsc_deadline_timer aes xsave avx f16c rdrand lahf_lm abm 3dnowprefetch cpuid_fault epb invpcid_single pti tpr_shadow vnmi flexpriority ept vpid fsgsbase tsc_adjust bmi1 avx2 smep bmi2 erms invpcid mpx rdseed adx smap clflushopt intel_pt xsaveopt xsavec xgetbv1 xsaves ibpb ibrs stibp dtherm ida arat pln pts hwp hwp_notify hwp_act_window hwp_epp
bugs		: cpu_meltdown spectre_v1 spectre_v2
bogomips	: 3984.00
clflush size	: 64
cache_alignment	: 64
address sizes	: 39 bits physical, 48 bits virtual
power management:

processor	: 5
vendor_id	: GenuineIntel
cpu family	: 6
model		: 142
model name	: Intel(R) Core(TM) i7-8550U CPU @ 1.80GHz
stepping	: 10
microcode	: 0x84
cpu MHz		: 2300.000
cache size	: 8192 KB
physical id	: 0
siblings	: 8
core id		: 1
cpu cores	: 1
apicid		: 3
initial apicid	: 3
fpu		: yes
fpu_exception	: yes
cpuid level	: 22
wp		: yes
flags		: fpu vme de pse tsc msr pae mce cx8 apic sep mtrr pge mca cmov pat pse36 clflush dts acpi mmx fxsr sse sse2 ss ht tm pbe syscall nx pdpe1gb rdtscp lm constant_tsc art arch_perfmon pebs bts rep_good nopl xtopology nonstop_tsc cpuid aperfmperf tsc_known_freq pni pclmulqdq dtes64 monitor ds_cpl vmx est tm2 ssse3 sdbg fma cx16 xtpr pdcm pcid sse4_1 sse4_2 x2apic movbe popcnt tsc_deadline_timer aes xsave avx f16c rdrand lahf_lm abm 3dnowprefetch cpuid_fault epb invpcid_single pti tpr_shadow vnmi flexpriority ept vpid fsgsbase tsc_adjust bmi1 avx2 smep bmi2 erms invpcid mpx rdseed adx smap clflushopt intel_pt xsaveopt xsavec xgetbv1 xsaves ibpb ibrs stibp dtherm ida arat pln pts hwp hwp_notify hwp_act_window hwp_epp
bugs		: cpu_meltdown spectre_v1 spectre_v2
bogomips	: 3984.00
clflush size	: 64
cache_alignment	: 64
address sizes	: 39 bits physical, 48 bits virtual
power management:

processor	: 6
vendor_id	: GenuineIntel
cpu family	: 6
model		: 142
model name	: Intel(R) Core(TM) i7-8550U CPU @ 1.80GHz
stepping	: 10
microcode	: 0x84
cpu MHz		: 2300.000
cache size	: 8192 KB
physical id	: 0
siblings	: 8
core id		: 2
cpu cores	: 2
apicid		: 5
initial apicid	: 5
fpu		: yes
fpu_exception	: yes
cpuid level	: 22
wp		: yes
flags		: fpu vme de pse tsc msr pae mce cx8 apic sep mtrr pge mca cmov pat pse36 clflush dts acpi mmx fxsr sse sse2 ss ht tm pbe syscall nx pdpe1gb rdtscp lm constant_tsc art arch_perfmon pebs bts rep_good nopl xtopology nonstop_tsc cpuid aperfmperf tsc_known_freq pni pclmulqdq dtes64 monitor ds_cpl vmx est tm2 ssse3 sdbg fma cx16 xtpr pdcm pcid sse4_1 sse4_2 x2apic movbe popcnt tsc_deadline_timer aes xsave avx f16c rdrand lahf_lm abm 3dnowprefetch cpuid_fault epb invpcid_single pti tpr_shadow vnmi flexpriority ept vpid fsgsbase tsc_adjust bmi1 avx2 smep bmi2 erms invpcid mpx rdseed adx smap clflushopt intel_pt xsaveopt xsavec xgetbv1 xsaves ibpb ibrs stibp dtherm ida arat pln pts hwp hwp_notify hwp_act_window hwp_epp
bugs		: cpu_meltdown spectre_v1 spectre_v2
bogomips	: 3984.00
clflush size	: 64
cache_alignment	: 64
address sizes	: 39 bits physical, 48 bits virtual
power management:

processor	: 7
vendor_id	: GenuineIntel
cpu family	: 6
model		: 142
model name	: Intel(R) Core(TM) i7-8550U CPU @ 1.80GHz
stepping	: 10
microcode	: 0x84
cpu MHz		: 2300.000
cache size	: 8192 KB
physical id	: 0
siblings	: 8
core id		: 3
cpu cores	: 65519
apicid		: 7
initial apicid	: 7
fpu		: yes
fpu_exception	: yes
cpuid level	: 22
wp		: yes
flags		: fpu vme de pse tsc msr pae mce cx8 apic sep mtrr pge mca cmov pat pse36 clflush dts acpi mmx fxsr sse sse2 ss ht tm pbe syscall nx pdpe1gb rdtscp lm constant_tsc art arch_perfmon pebs bts rep_good nopl xtopology nonstop_tsc cpuid aperfmperf tsc_known_freq pni pclmulqdq dtes64 monitor ds_cpl vmx est tm2 ssse3 sdbg fma cx16 xtpr pdcm pcid sse4_1 sse4_2 x2apic movbe popcnt tsc_deadline_timer aes xsave avx f16c rdrand lahf_lm abm 3dnowprefetch cpuid_fault epb invpcid_single pti tpr_shadow vnmi flexpriority ept vpid fsgsbase tsc_adjust bmi1 avx2 smep bmi2 erms invpcid mpx rdseed adx smap clflushopt intel_pt xsaveopt xsavec xgetbv1 xsaves ibpb ibrs stibp dtherm ida arat pln pts hwp hwp_notify hwp_act_window hwp_epp
bugs		: cpu_meltdown spectre_v1 spectre_v2
bogomips	: 3984.00
clflush size	: 64
cache_alignment	: 64
address sizes	: 39 bits physical, 48 bits virtual
power management:



Memory: 4k page, physical 16172068k(140404k free), swap 2097148k(0k free)

vm_info: OpenJDK 64-Bit Server VM (25.212-b03) for linux-amd64 JRE (1.8.0_212-8u212-b03-0ubuntu1.18.04.1-b03), built on Apr 26 2019 01:04:36 by "buildd" with gcc 7.3.0

time: Sat Jun 15 12:06:44 2019
timezone: CAT
elapsed time: 106 seconds (0d 0h 1m 46s)

